<?xml version="1.0" encoding="UTF-8"?>
<!-- Generated by org.testng.reporters.JUnitReportReporter -->
<testsuite hostname="DESKTOP-O9EVLHS" failures="0" tests="1" name="EkartAuto" time="13.598" errors="0" timestamp="2022-11-19T11:56:52 IST" skipped="0">
  <testcase classname="EkartAuto" name="Search" time="13.598"/>
  <system-out/>
</testsuite> <!-- EkartAuto -->
